Using pre-set license
Built from '2020.3/release' branch; Version is '2020.3.15f2 (6cf78cb77498) revision 7141260'; Using compiler version '192528614'; Build Type 'Release'
OS: 'Windows 10 Home; OS build 19042.1348; Version 2009; 64bit' Language: 'en' Physical Memory: 16333 MB
BatchMode: 1, IsHumanControllingUs: 0, StartBugReporterOnCrash: 0, Is64bit: 1, IsPro: 0

 COMMAND LINE ARGUMENTS:
C:\Program Files\Unity\Hub\Editor\2020.3.15f2\Editor\Unity.exe
-adb2
-batchMode
-noUpm
-name
AssetImportWorker0
-projectPath
C:/Users/dog/Desktop/GDW/LOTSOFBOXES/BOXES
-logFile
Logs/AssetImportWorker0.log
-srvPort
56809
Successfully changed project path to: C:/Users/dog/Desktop/GDW/LOTSOFBOXES/BOXES
C:/Users/dog/Desktop/GDW/LOTSOFBOXES/BOXES
Using Asset Import Pipeline V2.
Refreshing native plugins compatible for Editor in 29.81 ms, found 2 plugins.
Preloading 0 native plugins for Editor in 0.00 ms.
Initialize engine version: 2020.3.15f2 (6cf78cb77498)
[Subsystems] Discovering subsystems at path C:/Program Files/Unity/Hub/Editor/2020.3.15f2/Editor/Data/Resources/UnitySubsystems
[Subsystems] Discovering subsystems at path C:/Users/dog/Desktop/GDW/LOTSOFBOXES/BOXES/Assets
GfxDevice: creating device client; threaded=0
Direct3D:
    Version:  Direct3D 11.0 [level 11.1]
    Renderer: NVIDIA GeForce RTX 2060 SUPER (ID=0x1f06)
    Vendor:   
    VRAM:     8031 MB
    Driver:   27.21.14.6140
Initialize mono
Mono path[0] = 'C:/Program Files/Unity/Hub/Editor/2020.3.15f2/Editor/Data/Managed'
Mono path[1] = 'C:/Program Files/Unity/Hub/Editor/2020.3.15f2/Editor/Data/MonoBleedingEdge/lib/mono/unityjit'
Mono config path = 'C:/Program Files/Unity/Hub/Editor/2020.3.15f2/Editor/Data/MonoBleedingEdge/etc'
Using monoOptions --debugger-agent=transport=dt_socket,embedding=1,server=y,suspend=n,address=127.0.0.1:56000
Begin MonoManager ReloadAssembly
Registering precompiled unity dll's ...
Register platform support module: C:/Program Files/Unity/Hub/Editor/2020.3.15f2/Editor/Data/PlaybackEngines/WebGLSupport/UnityEditor.WebGL.Extensions.dll
Register platform support module: C:/Program Files/Unity/Hub/Editor/2020.3.15f2/Editor/Data/PlaybackEngines/MacStandaloneSupport/UnityEditor.OSXStandalone.Extensions.dll
Register platform support module: C:/Program Files/Unity/Hub/Editor/2020.3.15f2/Editor/Data/PlaybackEngines/WindowsStandaloneSupport/UnityEditor.WindowsStandalone.Extensions.dll
Registered in 0.002329 seconds.
Native extension for WindowsStandalone target not found
Native extension for OSXStandalone target not found
Native extension for WebGL target not found
Refreshing native plugins compatible for Editor in 29.46 ms, found 2 plugins.
Preloading 0 native plugins for Editor in 0.00 ms.
Mono: successfully reloaded assembly
- Completed reload, in  1.815 seconds
Domain Reload Profiling:
	ReloadAssembly (1816ms)
		BeginReloadAssembly (43ms)
			ExecutionOrderSort (0ms)
			DisableScriptedObjects (0ms)
			BackupInstance (0ms)
			ReleaseScriptingObjects (0ms)
			CreateAndSetChildDomain (1ms)
		EndReloadAssembly (332ms)
			LoadAssemblies (42ms)
			RebuildTransferFunctionScriptingTraits (0ms)
			SetupTypeCache (122ms)
			ReleaseScriptCaches (0ms)
			RebuildScriptCaches (25ms)
			SetupLoadedEditorAssemblies (129ms)
				LogAssemblyErrors (0ms)
				InitializePlatformSupportModulesInManaged (5ms)
				SetLoadedEditorAssemblies (0ms)
				RefreshPlugins (30ms)
				BeforeProcessingInitializeOnLoad (5ms)
				ProcessInitializeOnLoadAttributes (67ms)
				ProcessInitializeOnLoadMethodAttributes (22ms)
				AfterProcessingInitializeOnLoad (0ms)
				EditorAssembliesLoaded (0ms)
			ExecutionOrderSort2 (0ms)
			AwakeInstancesAfterBackupRestoration (0ms)
Platform modules already initialized, skipping
Registering precompiled user dll's ...
Registered in 0.003844 seconds.
Begin MonoManager ReloadAssembly
Native extension for WindowsStandalone target not found
Native extension for OSXStandalone target not found
Native extension for WebGL target not found
Refreshing native plugins compatible for Editor in 0.45 ms, found 2 plugins.
Preloading 0 native plugins for Editor in 0.00 ms.
Mono: successfully reloaded assembly
- Completed reload, in  0.841 seconds
Domain Reload Profiling:
	ReloadAssembly (841ms)
		BeginReloadAssembly (120ms)
			ExecutionOrderSort (0ms)
			DisableScriptedObjects (4ms)
			BackupInstance (0ms)
			ReleaseScriptingObjects (0ms)
			CreateAndSetChildDomain (17ms)
		EndReloadAssembly (669ms)
			LoadAssemblies (70ms)
			RebuildTransferFunctionScriptingTraits (0ms)
			SetupTypeCache (228ms)
			ReleaseScriptCaches (0ms)
			RebuildScriptCaches (40ms)
			SetupLoadedEditorAssemblies (253ms)
				LogAssemblyErrors (0ms)
				InitializePlatformSupportModulesInManaged (6ms)
				SetLoadedEditorAssemblies (0ms)
				RefreshPlugins (1ms)
				BeforeProcessingInitializeOnLoad (45ms)
				ProcessInitializeOnLoadAttributes (189ms)
				ProcessInitializeOnLoadMethodAttributes (7ms)
				AfterProcessingInitializeOnLoad (5ms)
				EditorAssembliesLoaded (0ms)
			ExecutionOrderSort2 (0ms)
			AwakeInstancesAfterBackupRestoration (6ms)
Platform modules already initialized, skipping
========================================================================
Worker process is ready to serve import requests
Launched and connected shader compiler UnityShaderCompiler.exe after 0.07 seconds
Refreshing native plugins compatible for Editor in 0.47 ms, found 2 plugins.
Preloading 0 native plugins for Editor in 0.00 ms.
Unloading 1691 Unused Serialized files (Serialized files now loaded: 0)
System memory in use before: 76.3 MB.
System memory in use after: 76.4 MB.

Unloading 20 unused Assets to reduce memory usage. Loaded Objects now: 2124.
Total: 1.968500 ms (FindLiveObjects: 0.194600 ms CreateObjectMapping: 0.038100 ms MarkObjects: 1.670100 ms  DeleteObjects: 0.064900 ms)

AssetImportParameters requested are different than current active one (requested -> active):
  custom:framework-win-MediaFoundation: 216162199b28c13a410421893ffa2e32 -> 
  custom:video-decoder-ogg-theora: a1e56fd34408186e4bbccfd4996cb3dc -> 
  custom:container-muxer-webm: aa71ff27fc2769a1b78a27578f13a17b -> 
  custom:container-demuxer-webm: 4f35f7cbe854078d1ac9338744f61a02 -> 
  custom:container-demuxer-ogg: 62fdf1f143b41e24485cea50d1cbac27 -> 
  custom:video-encoder-webm-vp8: eb34c28f22e8b96e1ab97ce403110664 -> 
  custom:video-decoder-webm-vp8: 9c59270c3fd7afecdb556c50c9e8de78 -> 
  custom:audio-decoder-ogg-vorbis: bf7c407c2cedff20999df2af8eb42d56 -> 
  custom:audio-encoder-webm-vorbis: bf7c407c2cedff20999df2af8eb42d56 -> 
========================================================================
Received Import Request.
  path: Assets/Resources/Sprites
  artifactKey: Guid(395c7f1567eca9f49ae238559c8566cf) Importer(815301076,1909f56bfc062723c751e8b465ee728b)
Start importing Assets/Resources/Sprites using Guid(395c7f1567eca9f49ae238559c8566cf) Importer(815301076,1909f56bfc062723c751e8b465ee728b)  -> (artifact id: '53d2e911b3157fbb603dabeace029437') in 0.009123 seconds 
  Import took 0.011837 seconds .

========================================================================
Received Import Request.
  Time since last request: 9.789963 seconds.
  path: Assets/Resources/Sprites/Phone Image PNG.png
  artifactKey: Guid(dd6649f6a727a004f8458a668a621550) Importer(815301076,1909f56bfc062723c751e8b465ee728b)
Start importing Assets/Resources/Sprites/Phone Image PNG.png using Guid(dd6649f6a727a004f8458a668a621550) Importer(815301076,1909f56bfc062723c751e8b465ee728b)  -> (artifact id: '1ee1fc6442ee92d35f982d98e7b48dc7') in 0.049388 seconds 
  Import took 0.052458 seconds .

========================================================================
Received Import Request.
  Time since last request: 7.173424 seconds.
  path: Assets/Resources/Sprites/Phone Image PNG.png
  artifactKey: Guid(dd6649f6a727a004f8458a668a621550) Importer(815301076,1909f56bfc062723c751e8b465ee728b)
Start importing Assets/Resources/Sprites/Phone Image PNG.png using Guid(dd6649f6a727a004f8458a668a621550) Importer(815301076,1909f56bfc062723c751e8b465ee728b)  -> (artifact id: '7ad59dcd394976ef24d1e876a92047c7') in 0.046147 seconds 
  Import took 0.049100 seconds .

========================================================================
Received Import Request.
  Time since last request: 4271.979854 seconds.
  path: Assets/Resources/Prefab/Delivery Package.prefab
  artifactKey: Guid(d0a00034a3618184cad54182d227cdcb) Importer(815301076,1909f56bfc062723c751e8b465ee728b)
Start importing Assets/Resources/Prefab/Delivery Package.prefab using Guid(d0a00034a3618184cad54182d227cdcb) Importer(815301076,1909f56bfc062723c751e8b465ee728b)  -> (artifact id: 'ffc0625528e5abd946b3e7f557cabdfe') in 0.080397 seconds 
  Import took 0.117788 seconds .

========================================================================
Received Import Request.
  Time since last request: 0.000210 seconds.
  path: Assets/Resources/Prefab/Timer.prefab
  artifactKey: Guid(e980975839f07104d9b3efb568da8a4b) Importer(815301076,1909f56bfc062723c751e8b465ee728b)
Start importing Assets/Resources/Prefab/Timer.prefab using Guid(e980975839f07104d9b3efb568da8a4b) Importer(815301076,1909f56bfc062723c751e8b465ee728b)  -> (artifact id: 'a228d2b52e1755b2ed307ed15f99caa7') in 0.068127 seconds 
  Import took 0.070451 seconds .

========================================================================
Received Prepare
Registering precompiled user dll's ...
Registered in 0.003418 seconds.
Begin MonoManager ReloadAssembly
Native extension for WindowsStandalone target not found
Native extension for OSXStandalone target not found
Native extension for WebGL target not found
Refreshing native plugins compatible for Editor in 0.43 ms, found 2 plugins.
Preloading 0 native plugins for Editor in 0.00 ms.
Mono: successfully reloaded assembly
- Completed reload, in  0.849 seconds
Domain Reload Profiling:
	ReloadAssembly (850ms)
		BeginReloadAssembly (124ms)
			ExecutionOrderSort (0ms)
			DisableScriptedObjects (5ms)
			BackupInstance (0ms)
			ReleaseScriptingObjects (0ms)
			CreateAndSetChildDomain (57ms)
		EndReloadAssembly (671ms)
			LoadAssemblies (73ms)
			RebuildTransferFunctionScriptingTraits (0ms)
			SetupTypeCache (233ms)
			ReleaseScriptCaches (1ms)
			RebuildScriptCaches (34ms)
			SetupLoadedEditorAssemblies (249ms)
				LogAssemblyErrors (0ms)
				InitializePlatformSupportModulesInManaged (5ms)
				SetLoadedEditorAssemblies (0ms)
				RefreshPlugins (0ms)
				BeforeProcessingInitializeOnLoad (43ms)
				ProcessInitializeOnLoadAttributes (188ms)
				ProcessInitializeOnLoadMethodAttributes (6ms)
				AfterProcessingInitializeOnLoad (5ms)
				EditorAssembliesLoaded (0ms)
			ExecutionOrderSort2 (0ms)
			AwakeInstancesAfterBackupRestoration (5ms)
Platform modules already initialized, skipping
Refreshing native plugins compatible for Editor in 0.46 ms, found 2 plugins.
Preloading 0 native plugins for Editor in 0.00 ms.
Unloading 1670 Unused Serialized files (Serialized files now loaded: 0)
System memory in use before: 77.9 MB.
System memory in use after: 78.0 MB.

Unloading 15 unused Assets to reduce memory usage. Loaded Objects now: 2133.
Total: 2.029200 ms (FindLiveObjects: 0.231000 ms CreateObjectMapping: 0.039800 ms MarkObjects: 1.739000 ms  DeleteObjects: 0.017800 ms)

AssetImportParameters requested are different than current active one (requested -> active):
  custom:framework-win-MediaFoundation: 216162199b28c13a410421893ffa2e32 -> 
  custom:video-decoder-ogg-theora: a1e56fd34408186e4bbccfd4996cb3dc -> 
  custom:container-muxer-webm: aa71ff27fc2769a1b78a27578f13a17b -> 
  custom:container-demuxer-webm: 4f35f7cbe854078d1ac9338744f61a02 -> 
  custom:container-demuxer-ogg: 62fdf1f143b41e24485cea50d1cbac27 -> 
  custom:video-encoder-webm-vp8: eb34c28f22e8b96e1ab97ce403110664 -> 
  custom:video-decoder-webm-vp8: 9c59270c3fd7afecdb556c50c9e8de78 -> 
  custom:audio-decoder-ogg-vorbis: bf7c407c2cedff20999df2af8eb42d56 -> 
  custom:audio-encoder-webm-vorbis: bf7c407c2cedff20999df2af8eb42d56 -> 
========================================================================
Received Import Request.
  Time since last request: 683.692495 seconds.
  path: Assets/Resources/Prefab/Spot Light.prefab
  artifactKey: Guid(ad4e2520b14ba1141b71f4e70f7aad46) Importer(815301076,1909f56bfc062723c751e8b465ee728b)
Start importing Assets/Resources/Prefab/Spot Light.prefab using Guid(ad4e2520b14ba1141b71f4e70f7aad46) Importer(815301076,1909f56bfc062723c751e8b465ee728b)  -> (artifact id: '677959ffdccd66453b986b33335b9f10') in 0.028189 seconds 
  Import took 0.031260 seconds .

========================================================================
Received Import Request.
  Time since last request: 0.000420 seconds.
  path: Assets/Resources/Prefab/Spot Light.prefab
  artifactKey: Guid(ad4e2520b14ba1141b71f4e70f7aad46) Importer(815301076,1909f56bfc062723c751e8b465ee728b)
Start importing Assets/Resources/Prefab/Spot Light.prefab using Guid(ad4e2520b14ba1141b71f4e70f7aad46) Importer(815301076,1909f56bfc062723c751e8b465ee728b)  -> (artifact id: '677959ffdccd66453b986b33335b9f10') in 0.003774 seconds 
  Import took 0.006084 seconds .

========================================================================
Received Import Request.
  Time since last request: 28.812360 seconds.
  path: Assets/Resources/Sprites/SMALL_BOX PNG.png
  artifactKey: Guid(b647811d6ca356845b2ea68042f3fdd6) Importer(815301076,1909f56bfc062723c751e8b465ee728b)
Start importing Assets/Resources/Sprites/SMALL_BOX PNG.png using Guid(b647811d6ca356845b2ea68042f3fdd6) Importer(815301076,1909f56bfc062723c751e8b465ee728b)  -> (artifact id: '1efd678e7dbcdcb1041d6c0666608378') in 0.029144 seconds 
  Import took 0.031946 seconds .

========================================================================
Received Import Request.
  Time since last request: 10.166821 seconds.
  path: Assets/Resources/Sprites/Large_BOX PNG.png
  artifactKey: Guid(5e95d009891dc4b4599c09d4bd5a8677) Importer(815301076,1909f56bfc062723c751e8b465ee728b)
Start importing Assets/Resources/Sprites/Large_BOX PNG.png using Guid(5e95d009891dc4b4599c09d4bd5a8677) Importer(815301076,1909f56bfc062723c751e8b465ee728b)  -> (artifact id: '069c209ae6147480267b136e4385bdfb') in 0.011436 seconds 
  Import took 0.014433 seconds .

========================================================================
Received Import Request.
  Time since last request: 0.000163 seconds.
  path: Assets/Resources/Sprites/Medium Box PNG.png
  artifactKey: Guid(45aff71aca6882e49a9fec0270200f89) Importer(815301076,1909f56bfc062723c751e8b465ee728b)
Start importing Assets/Resources/Sprites/Medium Box PNG.png using Guid(45aff71aca6882e49a9fec0270200f89) Importer(815301076,1909f56bfc062723c751e8b465ee728b)  -> (artifact id: '64bcd9e6e185e211bcafb1158fdfd06c') in 0.010282 seconds 
  Import took 0.012606 seconds .

========================================================================
Received Import Request.
  Time since last request: 2.939248 seconds.
  path: Assets/Resources/Sprites/Custom_Box_PNG.png
  artifactKey: Guid(3feeb4c2462294846b296d31e1629eb8) Importer(815301076,1909f56bfc062723c751e8b465ee728b)
Start importing Assets/Resources/Sprites/Custom_Box_PNG.png using Guid(3feeb4c2462294846b296d31e1629eb8) Importer(815301076,1909f56bfc062723c751e8b465ee728b)  -> (artifact id: '56d65fc02f9cbb3cf985348ead910dbc') in 0.011335 seconds 
  Import took 0.014181 seconds .

========================================================================
Received Import Request.
  Time since last request: 0.000185 seconds.
  path: Assets/Resources/Sprites/Envelope_PNG.png
  artifactKey: Guid(6b55a74c3d6ec6d4c9d9b10c65bdfc4d) Importer(815301076,1909f56bfc062723c751e8b465ee728b)
Start importing Assets/Resources/Sprites/Envelope_PNG.png using Guid(6b55a74c3d6ec6d4c9d9b10c65bdfc4d) Importer(815301076,1909f56bfc062723c751e8b465ee728b)  -> (artifact id: '4bff7a9239b05c8479bf4e0c2e43346c') in 0.010624 seconds 
  Import took 0.012930 seconds .

========================================================================
Received Import Request.
  Time since last request: 1.456876 seconds.
  path: Assets/Resources/Sprites/Plastic_Bag_PNG.png
  artifactKey: Guid(24d3307708e3de340a9d8153478443eb) Importer(815301076,1909f56bfc062723c751e8b465ee728b)
Start importing Assets/Resources/Sprites/Plastic_Bag_PNG.png using Guid(24d3307708e3de340a9d8153478443eb) Importer(815301076,1909f56bfc062723c751e8b465ee728b)  -> (artifact id: '20976561d40d007d71c4e9aac03a182c') in 0.016806 seconds 
  Import took 0.019614 seconds .

========================================================================
Received Import Request.
  Time since last request: 4.789760 seconds.
  path: Assets/Resources/Sprites/SMALL_BOX PNG.png
  artifactKey: Guid(b647811d6ca356845b2ea68042f3fdd6) Importer(815301076,1909f56bfc062723c751e8b465ee728b)
Start importing Assets/Resources/Sprites/SMALL_BOX PNG.png using Guid(b647811d6ca356845b2ea68042f3fdd6) Importer(815301076,1909f56bfc062723c751e8b465ee728b)  -> (artifact id: 'd3df1c273d837707341a22d28cba0158') in 0.033606 seconds 
  Import took 0.036542 seconds .

========================================================================
Received Import Request.
  Time since last request: 5.942974 seconds.
  path: Assets/Resources/Sprites/Custom_Box_PNG.png
  artifactKey: Guid(3feeb4c2462294846b296d31e1629eb8) Importer(815301076,1909f56bfc062723c751e8b465ee728b)
Start importing Assets/Resources/Sprites/Custom_Box_PNG.png using Guid(3feeb4c2462294846b296d31e1629eb8) Importer(815301076,1909f56bfc062723c751e8b465ee728b)  -> (artifact id: 'f3386bbe3931c6f3ad5dd6b447ba85a6') in 0.015523 seconds 
  Import took 0.018469 seconds .

========================================================================
Received Import Request.
  Time since last request: 6.067942 seconds.
  path: Assets/Resources/Sprites/Envelope_PNG.png
  artifactKey: Guid(6b55a74c3d6ec6d4c9d9b10c65bdfc4d) Importer(815301076,1909f56bfc062723c751e8b465ee728b)
Start importing Assets/Resources/Sprites/Envelope_PNG.png using Guid(6b55a74c3d6ec6d4c9d9b10c65bdfc4d) Importer(815301076,1909f56bfc062723c751e8b465ee728b)  -> (artifact id: 'a034a2c59734266ff885dd03b93b9d41') in 0.013864 seconds 
  Import took 0.016755 seconds .

========================================================================
Received Import Request.
  Time since last request: 7.187398 seconds.
  path: Assets/Resources/Sprites/Large_BOX PNG.png
  artifactKey: Guid(5e95d009891dc4b4599c09d4bd5a8677) Importer(815301076,1909f56bfc062723c751e8b465ee728b)
Start importing Assets/Resources/Sprites/Large_BOX PNG.png using Guid(5e95d009891dc4b4599c09d4bd5a8677) Importer(815301076,1909f56bfc062723c751e8b465ee728b)  -> (artifact id: '3f95d7756731aa24a5108b8d980f052e') in 0.022616 seconds 
  Import took 0.025488 seconds .

========================================================================
Received Import Request.
  Time since last request: 6.165897 seconds.
  path: Assets/Resources/Sprites/Medium Box PNG.png
  artifactKey: Guid(45aff71aca6882e49a9fec0270200f89) Importer(815301076,1909f56bfc062723c751e8b465ee728b)
Start importing Assets/Resources/Sprites/Medium Box PNG.png using Guid(45aff71aca6882e49a9fec0270200f89) Importer(815301076,1909f56bfc062723c751e8b465ee728b)  -> (artifact id: '627e58724bc5bba01619c3e652997183') in 0.023514 seconds 
  Import took 0.026422 seconds .

========================================================================
Received Import Request.
  Time since last request: 11.446559 seconds.
  path: Assets/Resources/Sprites/Plastic_Bag_PNG.png
  artifactKey: Guid(24d3307708e3de340a9d8153478443eb) Importer(815301076,1909f56bfc062723c751e8b465ee728b)
Start importing Assets/Resources/Sprites/Plastic_Bag_PNG.png using Guid(24d3307708e3de340a9d8153478443eb) Importer(815301076,1909f56bfc062723c751e8b465ee728b)  -> (artifact id: 'fa0df7478aade02a5c976a9a6afb6bbc') in 0.022809 seconds 
  Import took 0.025712 seconds .

========================================================================
Received Import Request.
  Time since last request: 4359.688242 seconds.
  path: ProjectSettings/TagManager.asset
  artifactKey: Guid(00000000000000003000000000000000) Importer(815301076,1909f56bfc062723c751e8b465ee728b)
Start importing ProjectSettings/TagManager.asset using Guid(00000000000000003000000000000000) Importer(815301076,1909f56bfc062723c751e8b465ee728b)  -> (artifact id: '8a98590f61e33058bf5f3f4aeed2485f') in 0.016372 seconds 
  Import took 0.021484 seconds .

========================================================================
Received Import Request.
  Time since last request: 216.553992 seconds.
  path: Assets/Resources/Prefab/Radius.prefab
  artifactKey: Guid(d272d8578808fad40ab31d937f6c7eba) Importer(815301076,1909f56bfc062723c751e8b465ee728b)
Start importing Assets/Resources/Prefab/Radius.prefab using Guid(d272d8578808fad40ab31d937f6c7eba) Importer(815301076,1909f56bfc062723c751e8b465ee728b)  -> (artifact id: '58ab537b76bca7491a47ca97db654d11') in 0.011338 seconds 
  Import took 0.014716 seconds .

========================================================================
Received Import Request.
  Time since last request: 149.488497 seconds.
  path: Assets/Resources/Prefab/PKG_Custom.prefab
  artifactKey: Guid(727e9819120a146448092767b7245de3) Importer(815301076,1909f56bfc062723c751e8b465ee728b)
Start importing Assets/Resources/Prefab/PKG_Custom.prefab using Guid(727e9819120a146448092767b7245de3) Importer(815301076,1909f56bfc062723c751e8b465ee728b)  -> (artifact id: 'cd81611badf040138c090b2c0eba5422') in 0.016325 seconds 
  Import took 0.019469 seconds .

========================================================================
Received Import Request.
  Time since last request: 0.002596 seconds.
  path: Assets/Resources/Prefab/PKG_Custom.prefab
  artifactKey: Guid(727e9819120a146448092767b7245de3) Importer(815301076,1909f56bfc062723c751e8b465ee728b)
Start importing Assets/Resources/Prefab/PKG_Custom.prefab using Guid(727e9819120a146448092767b7245de3) Importer(815301076,1909f56bfc062723c751e8b465ee728b)  -> (artifact id: 'cd81611badf040138c090b2c0eba5422') in 0.005674 seconds 
  Import took 0.008497 seconds .

========================================================================
Received Import Request.
  Time since last request: 2.637284 seconds.
  path: Assets/Resources/Prefab/PKG_Small_Box.prefab
  artifactKey: Guid(5b6580382b8df72498b847cf795f8f1a) Importer(815301076,1909f56bfc062723c751e8b465ee728b)
Start importing Assets/Resources/Prefab/PKG_Small_Box.prefab using Guid(5b6580382b8df72498b847cf795f8f1a) Importer(815301076,1909f56bfc062723c751e8b465ee728b)  -> (artifact id: 'c68e21a21742a0f0d1629460318d0f3f') in 0.010116 seconds 
  Import took 0.013003 seconds .

========================================================================
Received Import Request.
  Time since last request: 1.808633 seconds.
  path: Assets/Resources/Prefab/PKG_Medium_Box.prefab
  artifactKey: Guid(6595e8e1551e7f34eb04e8bb63fc96ba) Importer(815301076,1909f56bfc062723c751e8b465ee728b)
Start importing Assets/Resources/Prefab/PKG_Medium_Box.prefab using Guid(6595e8e1551e7f34eb04e8bb63fc96ba) Importer(815301076,1909f56bfc062723c751e8b465ee728b)  -> (artifact id: '0c482de7d3ddc50c97d035a2683b3d6b') in 0.010144 seconds 
  Import took 0.012975 seconds .

========================================================================
Received Import Request.
  Time since last request: 1.562454 seconds.
  path: Assets/Resources/Prefab/PKG_Large_Box.prefab
  artifactKey: Guid(7a0b15bcb6bead14a9fc9a44f71d531c) Importer(815301076,1909f56bfc062723c751e8b465ee728b)
Start importing Assets/Resources/Prefab/PKG_Large_Box.prefab using Guid(7a0b15bcb6bead14a9fc9a44f71d531c) Importer(815301076,1909f56bfc062723c751e8b465ee728b)  -> (artifact id: '169a2cf4abda291fb5b20afcc1803e6c') in 0.009854 seconds 
  Import took 0.012707 seconds .

========================================================================
Received Import Request.
  Time since last request: 1.616199 seconds.
  path: Assets/Resources/Prefab/PKG_Envelope.prefab
  artifactKey: Guid(6e1fb8145ff74a148af9f80bc897cf13) Importer(815301076,1909f56bfc062723c751e8b465ee728b)
Start importing Assets/Resources/Prefab/PKG_Envelope.prefab using Guid(6e1fb8145ff74a148af9f80bc897cf13) Importer(815301076,1909f56bfc062723c751e8b465ee728b)  -> (artifact id: 'd29f82e69dcfb65b2ae8df995a72dd4f') in 0.009488 seconds 
  Import took 0.012271 seconds .

========================================================================
Received Import Request.
  Time since last request: 1.711976 seconds.
  path: Assets/Resources/Prefab/PKG_Plastic_Bag.prefab
  artifactKey: Guid(d92e6dbd96f6e0c4d9ef6ad81c06a26d) Importer(815301076,1909f56bfc062723c751e8b465ee728b)
Start importing Assets/Resources/Prefab/PKG_Plastic_Bag.prefab using Guid(d92e6dbd96f6e0c4d9ef6ad81c06a26d) Importer(815301076,1909f56bfc062723c751e8b465ee728b)  -> (artifact id: '0817c307b815f41bd84f52c5427a7963') in 0.008700 seconds 
  Import took 0.011688 seconds .

========================================================================
Received Import Request.
  Time since last request: 32.747768 seconds.
  path: Assets/Scripts/pkgSpawnManager.cs
  artifactKey: Guid(7802b482b7fc704468cbb770975c99c5) Importer(815301076,1909f56bfc062723c751e8b465ee728b)
Start importing Assets/Scripts/pkgSpawnManager.cs using Guid(7802b482b7fc704468cbb770975c99c5) Importer(815301076,1909f56bfc062723c751e8b465ee728b)  -> (artifact id: 'bab134bac9e27789ceeb4fe439a83a76') in 0.012238 seconds 
  Import took 0.015167 seconds .

========================================================================
Received Import Request.
  Time since last request: 0.002422 seconds.
  path: Assets/Scripts/pkgSpawnManager.cs
  artifactKey: Guid(7802b482b7fc704468cbb770975c99c5) Importer(815301076,1909f56bfc062723c751e8b465ee728b)
Start importing Assets/Scripts/pkgSpawnManager.cs using Guid(7802b482b7fc704468cbb770975c99c5) Importer(815301076,1909f56bfc062723c751e8b465ee728b)  -> (artifact id: 'bab134bac9e27789ceeb4fe439a83a76') in 0.002725 seconds 
  Import took 0.005503 seconds .

========================================================================
Received Prepare
Registering precompiled user dll's ...
Registered in 0.114081 seconds.
Begin MonoManager ReloadAssembly
Native extension for WindowsStandalone target not found
Native extension for OSXStandalone target not found
Native extension for WebGL target not found
Refreshing native plugins compatible for Editor in 0.44 ms, found 2 plugins.
Preloading 0 native plugins for Editor in 0.00 ms.
Mono: successfully reloaded assembly
- Completed reload, in  0.922 seconds
Domain Reload Profiling:
	ReloadAssembly (922ms)
		BeginReloadAssembly (104ms)
			ExecutionOrderSort (0ms)
			DisableScriptedObjects (4ms)
			BackupInstance (0ms)
			ReleaseScriptingObjects (0ms)
			CreateAndSetChildDomain (43ms)
		EndReloadAssembly (765ms)
			LoadAssemblies (69ms)
			RebuildTransferFunctionScriptingTraits (0ms)
			SetupTypeCache (283ms)
			ReleaseScriptCaches (1ms)
			RebuildScriptCaches (34ms)
			SetupLoadedEditorAssemblies (301ms)
				LogAssemblyErrors (0ms)
				InitializePlatformSupportModulesInManaged (5ms)
				SetLoadedEditorAssemblies (1ms)
				RefreshPlugins (0ms)
				BeforeProcessingInitializeOnLoad (40ms)
				ProcessInitializeOnLoadAttributes (243ms)
				ProcessInitializeOnLoadMethodAttributes (6ms)
				AfterProcessingInitializeOnLoad (5ms)
				EditorAssembliesLoaded (0ms)
			ExecutionOrderSort2 (0ms)
			AwakeInstancesAfterBackupRestoration (5ms)
Platform modules already initialized, skipping
Refreshing native plugins compatible for Editor in 0.44 ms, found 2 plugins.
Preloading 0 native plugins for Editor in 0.00 ms.
Unloading 1671 Unused Serialized files (Serialized files now loaded: 0)
System memory in use before: 78.0 MB.
System memory in use after: 78.1 MB.

Unloading 16 unused Assets to reduce memory usage. Loaded Objects now: 2139.
Total: 1.991000 ms (FindLiveObjects: 0.197700 ms CreateObjectMapping: 0.042400 ms MarkObjects: 1.731900 ms  DeleteObjects: 0.018300 ms)

AssetImportParameters requested are different than current active one (requested -> active):
  custom:framework-win-MediaFoundation: 216162199b28c13a410421893ffa2e32 -> 
  custom:video-decoder-ogg-theora: a1e56fd34408186e4bbccfd4996cb3dc -> 
  custom:container-muxer-webm: aa71ff27fc2769a1b78a27578f13a17b -> 
  custom:container-demuxer-webm: 4f35f7cbe854078d1ac9338744f61a02 -> 
  custom:container-demuxer-ogg: 62fdf1f143b41e24485cea50d1cbac27 -> 
  custom:video-encoder-webm-vp8: eb34c28f22e8b96e1ab97ce403110664 -> 
  custom:video-decoder-webm-vp8: 9c59270c3fd7afecdb556c50c9e8de78 -> 
  custom:audio-decoder-ogg-vorbis: bf7c407c2cedff20999df2af8eb42d56 -> 
  custom:audio-encoder-webm-vorbis: bf7c407c2cedff20999df2af8eb42d56 -> 
========================================================================
Received Import Request.
  Time since last request: 159.029457 seconds.
  path: Assets/Scripts/pkgSpawnManager.cs
  artifactKey: Guid(7802b482b7fc704468cbb770975c99c5) Importer(815301076,1909f56bfc062723c751e8b465ee728b)
Start importing Assets/Scripts/pkgSpawnManager.cs using Guid(7802b482b7fc704468cbb770975c99c5) Importer(815301076,1909f56bfc062723c751e8b465ee728b)  -> (artifact id: 'b33249be2187bc0d953271c48afe96eb') in 0.008123 seconds 
  Import took 0.010682 seconds .

========================================================================
Received Import Request.
  Time since last request: 2130.972568 seconds.
  path: Assets/Scripts/Player/ThirdPersonMovement.cs
  artifactKey: Guid(4d23d3818a519b149b88f8aa1e4fb253) Importer(815301076,1909f56bfc062723c751e8b465ee728b)
Start importing Assets/Scripts/Player/ThirdPersonMovement.cs using Guid(4d23d3818a519b149b88f8aa1e4fb253) Importer(815301076,1909f56bfc062723c751e8b465ee728b)  -> (artifact id: '8f564f0af69bf42df8a2218ea6e39680') in 0.007093 seconds 
  Import took 0.010115 seconds .

========================================================================
Received Prepare
Registering precompiled user dll's ...
Registered in 0.003337 seconds.
Begin MonoManager ReloadAssembly
Native extension for WindowsStandalone target not found
Native extension for OSXStandalone target not found
Native extension for WebGL target not found
Refreshing native plugins compatible for Editor in 0.42 ms, found 2 plugins.
Preloading 0 native plugins for Editor in 0.00 ms.
Mono: successfully reloaded assembly
- Completed reload, in  0.775 seconds
Domain Reload Profiling:
	ReloadAssembly (775ms)
		BeginReloadAssembly (91ms)
			ExecutionOrderSort (0ms)
			DisableScriptedObjects (4ms)
			BackupInstance (0ms)
			ReleaseScriptingObjects (0ms)
			CreateAndSetChildDomain (32ms)
		EndReloadAssembly (631ms)
			LoadAssemblies (69ms)
			RebuildTransferFunctionScriptingTraits (0ms)
			SetupTypeCache (228ms)
			ReleaseScriptCaches (1ms)
			RebuildScriptCaches (34ms)
			SetupLoadedEditorAssemblies (223ms)
				LogAssemblyErrors (0ms)
				InitializePlatformSupportModulesInManaged (5ms)
				SetLoadedEditorAssemblies (0ms)
				RefreshPlugins (0ms)
				BeforeProcessingInitializeOnLoad (40ms)
				ProcessInitializeOnLoadAttributes (164ms)
				ProcessInitializeOnLoadMethodAttributes (7ms)
				AfterProcessingInitializeOnLoad (5ms)
				EditorAssembliesLoaded (0ms)
			ExecutionOrderSort2 (0ms)
			AwakeInstancesAfterBackupRestoration (5ms)
Platform modules already initialized, skipping
Refreshing native plugins compatible for Editor in 0.42 ms, found 2 plugins.
Preloading 0 native plugins for Editor in 0.00 ms.
Unloading 1671 Unused Serialized files (Serialized files now loaded: 0)
System memory in use before: 78.0 MB.
System memory in use after: 78.1 MB.

Unloading 15 unused Assets to reduce memory usage. Loaded Objects now: 2141.
Total: 1.875600 ms (FindLiveObjects: 0.179900 ms CreateObjectMapping: 0.036900 ms MarkObjects: 1.643800 ms  DeleteObjects: 0.014100 ms)

AssetImportParameters requested are different than current active one (requested -> active):
  custom:framework-win-MediaFoundation: 216162199b28c13a410421893ffa2e32 -> 
  custom:video-decoder-ogg-theora: a1e56fd34408186e4bbccfd4996cb3dc -> 
  custom:container-muxer-webm: aa71ff27fc2769a1b78a27578f13a17b -> 
  custom:container-demuxer-webm: 4f35f7cbe854078d1ac9338744f61a02 -> 
  custom:container-demuxer-ogg: 62fdf1f143b41e24485cea50d1cbac27 -> 
  custom:video-encoder-webm-vp8: eb34c28f22e8b96e1ab97ce403110664 -> 
  custom:video-decoder-webm-vp8: 9c59270c3fd7afecdb556c50c9e8de78 -> 
  custom:audio-decoder-ogg-vorbis: bf7c407c2cedff20999df2af8eb42d56 -> 
  custom:audio-encoder-webm-vorbis: bf7c407c2cedff20999df2af8eb42d56 -> 
========================================================================
Received Prepare
Registering precompiled user dll's ...
Registered in 0.003338 seconds.
Begin MonoManager ReloadAssembly
Native extension for WindowsStandalone target not found
Native extension for OSXStandalone target not found
Native extension for WebGL target not found
Refreshing native plugins compatible for Editor in 0.44 ms, found 2 plugins.
Preloading 0 native plugins for Editor in 0.00 ms.
Mono: successfully reloaded assembly
- Completed reload, in  0.763 seconds
Domain Reload Profiling:
	ReloadAssembly (764ms)
		BeginReloadAssembly (87ms)
			ExecutionOrderSort (0ms)
			DisableScriptedObjects (4ms)
			BackupInstance (0ms)
			ReleaseScriptingObjects (0ms)
			CreateAndSetChildDomain (29ms)
		EndReloadAssembly (626ms)
			LoadAssemblies (66ms)
			RebuildTransferFunctionScriptingTraits (0ms)
			SetupTypeCache (220ms)
			ReleaseScriptCaches (1ms)
			RebuildScriptCaches (34ms)
			SetupLoadedEditorAssemblies (227ms)
				LogAssemblyErrors (0ms)
				InitializePlatformSupportModulesInManaged (5ms)
				SetLoadedEditorAssemblies (0ms)
				RefreshPlugins (0ms)
				BeforeProcessingInitializeOnLoad (40ms)
				ProcessInitializeOnLoadAttributes (170ms)
				ProcessInitializeOnLoadMethodAttributes (6ms)
				AfterProcessingInitializeOnLoad (5ms)
				EditorAssembliesLoaded (0ms)
			ExecutionOrderSort2 (0ms)
			AwakeInstancesAfterBackupRestoration (5ms)
Platform modules already initialized, skipping
Refreshing native plugins compatible for Editor in 0.45 ms, found 2 plugins.
Preloading 0 native plugins for Editor in 0.00 ms.
Unloading 1671 Unused Serialized files (Serialized files now loaded: 0)
System memory in use before: 78.0 MB.
System memory in use after: 78.1 MB.

Unloading 15 unused Assets to reduce memory usage. Loaded Objects now: 2143.
Total: 1.884400 ms (FindLiveObjects: 0.174700 ms CreateObjectMapping: 0.037300 ms MarkObjects: 1.658100 ms  DeleteObjects: 0.013500 ms)

AssetImportParameters requested are different than current active one (requested -> active):
  custom:framework-win-MediaFoundation: 216162199b28c13a410421893ffa2e32 -> 
  custom:video-decoder-ogg-theora: a1e56fd34408186e4bbccfd4996cb3dc -> 
  custom:container-muxer-webm: aa71ff27fc2769a1b78a27578f13a17b -> 
  custom:container-demuxer-webm: 4f35f7cbe854078d1ac9338744f61a02 -> 
  custom:container-demuxer-ogg: 62fdf1f143b41e24485cea50d1cbac27 -> 
  custom:video-encoder-webm-vp8: eb34c28f22e8b96e1ab97ce403110664 -> 
  custom:video-decoder-webm-vp8: 9c59270c3fd7afecdb556c50c9e8de78 -> 
  custom:audio-decoder-ogg-vorbis: bf7c407c2cedff20999df2af8eb42d56 -> 
  custom:audio-encoder-webm-vorbis: bf7c407c2cedff20999df2af8eb42d56 -> 
AssetImportWorkerClient::OnTransportError - code=2 error=End of file
